--------------------------------------------------------------------------------
Release 14.7 Trace  (nt64)
Copyright (c) 1995-2013 Xilinx, Inc.  All rights reserved.

E:\ISE\14.7\ISE_DS\ISE\bin\nt64\unwrapped\trce.exe -intstyle ise -v 3 -s 2L -n
3 -fastpaths -xml Top.twx Top.ncd -o Top.twr Top.pcf -ucf Sword_Original.ucf

Design file:              Top.ncd
Physical constraint file: Top.pcf
Device,package,speed:     xc7k160t,ffg676,C,-2L (PRODUCTION 1.10 2013-10-13)
Report level:             verbose report

Environment Variable      Effect 
--------------------      ------ 
NONE                      No environment variables were set
--------------------------------------------------------------------------------

INFO:Timing:2698 - No timing constraints found, doing default enumeration.
INFO:Timing:3412 - To improve timing, see the Timing Closure User Guide (UG612).
INFO:Timing:2752 - To get complete path coverage, use the unconstrained paths 
   option. All paths that are not constrained will be reported in the 
   unconstrained paths section(s) of the report.
INFO:Timing:3339 - The clock-to-out numbers in this timing report are based on 
   a 50 Ohm transmission line loading model.  For the details of this model, 
   and for more information on accounting for different loading conditions, 
   please see the device datasheet.



Data Sheet report:
-----------------
All values displayed in nanoseconds (ns)

Clock clk to Pad
------------+-----------------+------------+-----------------+------------+------------------+--------+
            |Max (slowest) clk|  Process   |Min (fastest) clk|  Process   |                  | Clock  |
Destination |  (edge) to PAD  |   Corner   |  (edge) to PAD  |   Corner   |Internal Clock(s) | Phase  |
------------+-----------------+------------+-----------------+------------+------------------+--------+
AN<0>       |        12.110(R)|      SLOW  |         5.188(R)|      FAST  |clk_BUFGP         |   0.000|
AN<1>       |        12.049(R)|      SLOW  |         5.137(R)|      FAST  |clk_BUFGP         |   0.000|
AN<2>       |        12.034(R)|      SLOW  |         5.165(R)|      FAST  |clk_BUFGP         |   0.000|
AN<3>       |        12.000(R)|      SLOW  |         5.167(R)|      FAST  |clk_BUFGP         |   0.000|
LED_CLK     |        10.756(R)|      SLOW  |         4.615(R)|      FAST  |clk_BUFGP         |   0.000|
SEGLED_CLK  |        10.593(R)|      SLOW  |         4.517(R)|      FAST  |clk_BUFGP         |   0.000|
SEGMENT<0>  |        14.639(R)|      SLOW  |         5.760(R)|      FAST  |clk_BUFGP         |   0.000|
SEGMENT<1>  |        14.312(R)|      SLOW  |         5.648(R)|      FAST  |clk_BUFGP         |   0.000|
SEGMENT<2>  |        14.054(R)|      SLOW  |         5.612(R)|      FAST  |clk_BUFGP         |   0.000|
SEGMENT<3>  |        14.172(R)|      SLOW  |         5.558(R)|      FAST  |clk_BUFGP         |   0.000|
SEGMENT<4>  |        13.714(R)|      SLOW  |         5.399(R)|      FAST  |clk_BUFGP         |   0.000|
SEGMENT<5>  |        14.126(R)|      SLOW  |         5.655(R)|      FAST  |clk_BUFGP         |   0.000|
SEGMENT<6>  |        13.612(R)|      SLOW  |         5.440(R)|      FAST  |clk_BUFGP         |   0.000|
------------+-----------------+------------+-----------------+------------+------------------+--------+

Clock to Setup on destination clock clk
---------------+---------+---------+---------+---------+
               | Src:Rise| Src:Fall| Src:Rise| Src:Fall|
Source Clock   |Dest:Rise|Dest:Rise|Dest:Fall|Dest:Fall|
---------------+---------+---------+---------+---------+
clk            |    2.352|         |         |         |
---------------+---------+---------+---------+---------+


Analysis completed Mon Jan 14 16:34:43 2019 
--------------------------------------------------------------------------------

Trace Settings:
-------------------------
Trace Settings 

Peak Memory Usage: 5154 MB



